Home/android/build/intermediates/manifest_merge_blame_file/debug/manifest-merger-blame-debug-report.txt
1<?xml version="1.0" encoding="utf-8"?>
2<manifest xmlns:android="http://schemas.android.com/apk/res/android"
3    package="com.pru.home.android"
4    android:versionCode="1"
5    android:versionName="1.0" >
6
7    <uses-sdk
8        android:minSdkVersion="24"
8-->src/main/AndroidManifest.xml
9        android:targetSdkVersion="29" />
9-->src/main/AndroidManifest.xml
10
11    <uses-permission android:name="android.permission.INTERNET" />
11-->src/main/AndroidManifest.xml:5:5-67
11-->src/main/AndroidManifest.xml:5:22-64
12    <!-- Although the *SdkVersion is captured in gradle build files, this is required for non gradle builds -->
13    <!-- <uses-sdk android:minSdkVersion="14"/> -->
14    <uses-permission android:name="android.permission.ACCESS_NETWORK_STATE" />
14-->[com.google.android.datatransport:transport-backend-cct:2.3.3] AndroidManifest.xml:25:5-79
14-->[com.google.android.datatransport:transport-backend-cct:2.3.3] AndroidManifest.xml:25:22-76
15    <uses-permission android:name="android.permission.WAKE_LOCK" /> <!-- Required by older versions of Google Play services to create IID tokens -->
15-->[com.google.firebase:firebase-iid:21.0.1] AndroidManifest.xml:24:5-68
15-->[com.google.firebase:firebase-iid:21.0.1] AndroidManifest.xml:24:22-65
16    <uses-permission android:name="com.google.android.c2dm.permission.RECEIVE" />
16-->[com.google.firebase:firebase-iid:21.0.1] AndroidManifest.xml:26:5-82
16-->[com.google.firebase:firebase-iid:21.0.1] AndroidManifest.xml:26:22-79
17    <uses-permission android:name="com.google.android.finsky.permission.BIND_GET_INSTALL_REFERRER_SERVICE" />
17-->[com.google.android.gms:play-services-measurement:18.0.2] AndroidManifest.xml:26:5-110
17-->[com.google.android.gms:play-services-measurement:18.0.2] AndroidManifest.xml:26:22-107
18
19    <application
19-->src/main/AndroidManifest.xml:6:5-26:19
20        android:allowBackup="false"
20-->src/main/AndroidManifest.xml:7:9-36
21        android:appComponentFactory="androidx.core.app.CoreComponentFactory"
21-->[androidx.core:core:1.3.1] AndroidManifest.xml:24:18-86
22        android:debuggable="true"
23        android:extractNativeLibs="false"
24        android:supportsRtl="true"
24-->src/main/AndroidManifest.xml:8:9-35
25        android:testOnly="true"
26        android:theme="@style/AppTheme" >
26-->src/main/AndroidManifest.xml:9:9-40
27        <activity android:name="com.pru.home.android.MainActivity" >
27-->src/main/AndroidManifest.xml:10:9-15:20
27-->src/main/AndroidManifest.xml:10:19-47
28            <intent-filter>
28-->src/main/AndroidManifest.xml:11:13-14:29
29                <action android:name="android.intent.action.MAIN" />
29-->src/main/AndroidManifest.xml:12:17-69
29-->src/main/AndroidManifest.xml:12:25-66
30
31                <category android:name="android.intent.category.LAUNCHER" />
31-->src/main/AndroidManifest.xml:13:17-77
31-->src/main/AndroidManifest.xml:13:27-74
32            </intent-filter>
33        </activity>
34
35        <meta-data
35-->src/main/AndroidManifest.xml:16:9-18:37
36            android:name="com.google.firebase.messaging.default_notification_channel_id"
36-->src/main/AndroidManifest.xml:17:13-89
37            android:value="12344" />
37-->src/main/AndroidManifest.xml:18:13-34
38
39        <service
39-->src/main/AndroidManifest.xml:19:9-25:19
40            android:name="com.pru.home.android.MyFirebaseService"
40-->src/main/AndroidManifest.xml:20:13-46
41            android:exported="false" >
41-->src/main/AndroidManifest.xml:21:13-37
42            <intent-filter>
42-->src/main/AndroidManifest.xml:22:13-24:29
43                <action android:name="com.google.firebase.MESSAGING_EVENT" />
43-->src/main/AndroidManifest.xml:23:17-78
43-->src/main/AndroidManifest.xml:23:25-75
44            </intent-filter>
45        </service>
46        <service
46-->[com.google.firebase:firebase-crashlytics-ktx:17.4.0] AndroidManifest.xml:24:9-30:19
47            android:name="com.google.firebase.components.ComponentDiscoveryService"
47-->[com.google.firebase:firebase-crashlytics-ktx:17.4.0] AndroidManifest.xml:25:13-84
48            android:directBootAware="true"
48-->[com.google.firebase:firebase-common:19.5.0] AndroidManifest.xml:35:13-43
49            android:exported="false" >
49-->[com.google.firebase:firebase-crashlytics-ktx:17.4.0] AndroidManifest.xml:26:13-37
50            <meta-data
50-->[com.google.firebase:firebase-crashlytics-ktx:17.4.0] AndroidManifest.xml:27:13-29:85
51                android:name="com.google.firebase.components:com.google.firebase.crashlytics.ktx.FirebaseCrashlyticsKtxRegistrar"
51-->[com.google.firebase:firebase-crashlytics-ktx:17.4.0] AndroidManifest.xml:28:17-130
52                android:value="com.google.firebase.components.ComponentRegistrar" />
52-->[com.google.firebase:firebase-crashlytics-ktx:17.4.0] AndroidManifest.xml:29:17-82
53            <meta-data
53-->[com.google.firebase:firebase-analytics-ktx:18.0.2] AndroidManifest.xml:11:13-13:85
54                android:name="com.google.firebase.components:com.google.firebase.analytics.ktx.FirebaseAnalyticsKtxRegistrar"
54-->[com.google.firebase:firebase-analytics-ktx:18.0.2] AndroidManifest.xml:12:17-126
55                android:value="com.google.firebase.components.ComponentRegistrar" />
55-->[com.google.firebase:firebase-analytics-ktx:18.0.2] AndroidManifest.xml:13:17-82
56            <meta-data
56-->[com.google.firebase:firebase-messaging-ktx:21.0.1] AndroidManifest.xml:29:13-31:85
57                android:name="com.google.firebase.components:com.google.firebase.messaging.ktx.FirebaseMessagingKtxRegistrar"
57-->[com.google.firebase:firebase-messaging-ktx:21.0.1] AndroidManifest.xml:30:17-126
58                android:value="com.google.firebase.components.ComponentRegistrar" />
58-->[com.google.firebase:firebase-messaging-ktx:21.0.1] AndroidManifest.xml:31:17-82
59            <meta-data
59-->[com.google.firebase:firebase-common-ktx:19.5.0] AndroidManifest.xml:15:13-17:85
60                android:name="com.google.firebase.components:com.google.firebase.ktx.FirebaseCommonKtxRegistrar"
60-->[com.google.firebase:firebase-common-ktx:19.5.0] AndroidManifest.xml:16:17-113
61                android:value="com.google.firebase.components.ComponentRegistrar" />
61-->[com.google.firebase:firebase-common-ktx:19.5.0] AndroidManifest.xml:17:17-82
62            <meta-data
62-->[com.google.firebase:firebase-crashlytics:17.4.0] AndroidManifest.xml:18:13-20:85
63                android:name="com.google.firebase.components:com.google.firebase.crashlytics.CrashlyticsRegistrar"
63-->[com.google.firebase:firebase-crashlytics:17.4.0] AndroidManifest.xml:19:17-115
64                android:value="com.google.firebase.components.ComponentRegistrar" />
64-->[com.google.firebase:firebase-crashlytics:17.4.0] AndroidManifest.xml:20:17-82
65            <meta-data
65-->[com.google.firebase:firebase-messaging:21.0.1] AndroidManifest.xml:39:13-41:85
66                android:name="com.google.firebase.components:com.google.firebase.messaging.FirebaseMessagingRegistrar"
66-->[com.google.firebase:firebase-messaging:21.0.1] AndroidManifest.xml:40:17-119
67                android:value="com.google.firebase.components.ComponentRegistrar" />
67-->[com.google.firebase:firebase-messaging:21.0.1] AndroidManifest.xml:41:17-82
68            <meta-data
68-->[com.google.firebase:firebase-datatransport:17.0.10] AndroidManifest.xml:28:13-30:85
69                android:name="com.google.firebase.components:com.google.firebase.datatransport.TransportRegistrar"
69-->[com.google.firebase:firebase-datatransport:17.0.10] AndroidManifest.xml:29:17-115
70                android:value="com.google.firebase.components.ComponentRegistrar" />
70-->[com.google.firebase:firebase-datatransport:17.0.10] AndroidManifest.xml:30:17-82
71            <meta-data
71-->[com.google.firebase:firebase-iid:21.0.1] AndroidManifest.xml:32:13-34:85
72                android:name="com.google.firebase.components:com.google.firebase.iid.Registrar"
72-->[com.google.firebase:firebase-iid:21.0.1] AndroidManifest.xml:33:17-96
73                android:value="com.google.firebase.components.ComponentRegistrar" />
73-->[com.google.firebase:firebase-iid:21.0.1] AndroidManifest.xml:34:17-82
74            <meta-data
74-->[com.google.android.gms:play-services-measurement-api:18.0.2] AndroidManifest.xml:30:13-32:85
75                android:name="com.google.firebase.components:com.google.firebase.analytics.connector.internal.AnalyticsConnectorRegistrar"
75-->[com.google.android.gms:play-services-measurement-api:18.0.2] AndroidManifest.xml:31:17-139
76                android:value="com.google.firebase.components.ComponentRegistrar" />
76-->[com.google.android.gms:play-services-measurement-api:18.0.2] AndroidManifest.xml:32:17-82
77            <meta-data
77-->[com.google.firebase:firebase-installations:16.3.5] AndroidManifest.xml:18:13-20:85
78                android:name="com.google.firebase.components:com.google.firebase.installations.FirebaseInstallationsRegistrar"
78-->[com.google.firebase:firebase-installations:16.3.5] AndroidManifest.xml:19:17-127
79                android:value="com.google.firebase.components.ComponentRegistrar" />
79-->[com.google.firebase:firebase-installations:16.3.5] AndroidManifest.xml:20:17-82
80            <!--
81                This registrar is not defined in the dynamic-module-support sdk itself to allow non-firebase
82                clients to use it as well, by defining this registrar in their own core/common library.
83            -->
84            <meta-data
84-->[com.google.firebase:firebase-common:19.5.0] AndroidManifest.xml:43:13-45:85
85                android:name="com.google.firebase.components:com.google.firebase.dynamicloading.DynamicLoadingRegistrar"
85-->[com.google.firebase:firebase-common:19.5.0] AndroidManifest.xml:44:17-121
86                android:value="com.google.firebase.components.ComponentRegistrar" />
86-->[com.google.firebase:firebase-common:19.5.0] AndroidManifest.xml:45:17-82
87        </service>
88        <!--
89             FirebaseMessagingService performs security checks at runtime,
90             but set to not exported to explicitly avoid allowing another app to call it.
91        -->
92        <service
92-->[com.google.firebase:firebase-messaging:21.0.1] AndroidManifest.xml:28:9-35:19
93            android:name="com.google.firebase.messaging.FirebaseMessagingService"
93-->[com.google.firebase:firebase-messaging:21.0.1] AndroidManifest.xml:29:13-82
94            android:directBootAware="true"
94-->[com.google.firebase:firebase-messaging:21.0.1] AndroidManifest.xml:30:13-43
95            android:exported="false" >
95-->[com.google.firebase:firebase-messaging:21.0.1] AndroidManifest.xml:31:13-37
96            <intent-filter android:priority="-500" >
96-->src/main/AndroidManifest.xml:22:13-24:29
97                <action android:name="com.google.firebase.MESSAGING_EVENT" />
97-->src/main/AndroidManifest.xml:23:17-78
97-->src/main/AndroidManifest.xml:23:25-75
98            </intent-filter>
99        </service>
100        <service
100-->[com.google.android.datatransport:transport-backend-cct:2.3.3] AndroidManifest.xml:29:9-35:19
101            android:name="com.google.android.datatransport.runtime.backends.TransportBackendDiscovery"
101-->[com.google.android.datatransport:transport-backend-cct:2.3.3] AndroidManifest.xml:30:13-103
102            android:exported="false" >
102-->[com.google.android.datatransport:transport-backend-cct:2.3.3] AndroidManifest.xml:31:13-37
103            <meta-data
103-->[com.google.android.datatransport:transport-backend-cct:2.3.3] AndroidManifest.xml:32:13-34:39
104                android:name="backend:com.google.android.datatransport.cct.CctBackendFactory"
104-->[com.google.android.datatransport:transport-backend-cct:2.3.3] AndroidManifest.xml:33:17-94
105                android:value="cct" />
105-->[com.google.android.datatransport:transport-backend-cct:2.3.3] AndroidManifest.xml:34:17-36
106        </service>
107
108        <receiver
108-->[com.google.firebase:firebase-iid:21.0.1] AndroidManifest.xml:37:9-44:20
109            android:name="com.google.firebase.iid.FirebaseInstanceIdReceiver"
109-->[com.google.firebase:firebase-iid:21.0.1] AndroidManifest.xml:38:13-78
110            android:exported="true"
110-->[com.google.firebase:firebase-iid:21.0.1] AndroidManifest.xml:39:13-36
111            android:permission="com.google.android.c2dm.permission.SEND" >
111-->[com.google.firebase:firebase-iid:21.0.1] AndroidManifest.xml:40:13-73
112            <intent-filter>
112-->[com.google.firebase:firebase-iid:21.0.1] AndroidManifest.xml:41:13-43:29
113                <action android:name="com.google.android.c2dm.intent.RECEIVE" />
113-->[com.google.firebase:firebase-iid:21.0.1] AndroidManifest.xml:42:17-81
113-->[com.google.firebase:firebase-iid:21.0.1] AndroidManifest.xml:42:25-78
114            </intent-filter>
115        </receiver>
116
117        <provider
117-->[com.google.firebase:firebase-common:19.5.0] AndroidManifest.xml:26:9-31:39
118            android:name="com.google.firebase.provider.FirebaseInitProvider"
118-->[com.google.firebase:firebase-common:19.5.0] AndroidManifest.xml:27:13-77
119            android:authorities="com.pru.home.android.firebaseinitprovider"
119-->[com.google.firebase:firebase-common:19.5.0] AndroidManifest.xml:28:13-72
120            android:directBootAware="true"
120-->[com.google.firebase:firebase-common:19.5.0] AndroidManifest.xml:29:13-43
121            android:exported="false"
121-->[com.google.firebase:firebase-common:19.5.0] AndroidManifest.xml:30:13-37
122            android:initOrder="100" />
122-->[com.google.firebase:firebase-common:19.5.0] AndroidManifest.xml:31:13-36
123
124        <activity
124-->[com.google.android.gms:play-services-base:17.0.0] AndroidManifest.xml:23:9-26:75
125            android:name="com.google.android.gms.common.api.GoogleApiActivity"
125-->[com.google.android.gms:play-services-base:17.0.0] AndroidManifest.xml:24:13-79
126            android:exported="false"
126-->[com.google.android.gms:play-services-base:17.0.0] AndroidManifest.xml:25:13-37
127            android:theme="@android:style/Theme.Translucent.NoTitleBar" />
127-->[com.google.android.gms:play-services-base:17.0.0] AndroidManifest.xml:26:13-72
128
129        <receiver
129-->[com.google.android.gms:play-services-measurement:18.0.2] AndroidManifest.xml:29:9-33:20
130            android:name="com.google.android.gms.measurement.AppMeasurementReceiver"
130-->[com.google.android.gms:play-services-measurement:18.0.2] AndroidManifest.xml:30:13-85
131            android:enabled="true"
131-->[com.google.android.gms:play-services-measurement:18.0.2] AndroidManifest.xml:31:13-35
132            android:exported="false" >
132-->[com.google.android.gms:play-services-measurement:18.0.2] AndroidManifest.xml:32:13-37
133        </receiver>
134
135        <service
135-->[com.google.android.gms:play-services-measurement:18.0.2] AndroidManifest.xml:35:9-38:40
136            android:name="com.google.android.gms.measurement.AppMeasurementService"
136-->[com.google.android.gms:play-services-measurement:18.0.2] AndroidManifest.xml:36:13-84
137            android:enabled="true"
137-->[com.google.android.gms:play-services-measurement:18.0.2] AndroidManifest.xml:37:13-35
138            android:exported="false" />
138-->[com.google.android.gms:play-services-measurement:18.0.2] AndroidManifest.xml:38:13-37
139        <service
139-->[com.google.android.gms:play-services-measurement:18.0.2] AndroidManifest.xml:39:9-43:72
140            android:name="com.google.android.gms.measurement.AppMeasurementJobService"
140-->[com.google.android.gms:play-services-measurement:18.0.2] AndroidManifest.xml:40:13-87
141            android:enabled="true"
141-->[com.google.android.gms:play-services-measurement:18.0.2] AndroidManifest.xml:41:13-35
142            android:exported="false"
142-->[com.google.android.gms:play-services-measurement:18.0.2] AndroidManifest.xml:42:13-37
143            android:permission="android.permission.BIND_JOB_SERVICE" />
143-->[com.google.android.gms:play-services-measurement:18.0.2] AndroidManifest.xml:43:13-69
144
145        <meta-data
145-->[com.google.android.gms:play-services-basement:17.2.1] AndroidManifest.xml:23:9-25:69
146            android:name="com.google.android.gms.version"
146-->[com.google.android.gms:play-services-basement:17.2.1] AndroidManifest.xml:24:13-58
147            android:value="@integer/google_play_services_version" />
147-->[com.google.android.gms:play-services-basement:17.2.1] AndroidManifest.xml:25:13-66
148
149        <service
149-->[com.google.android.datatransport:transport-runtime:2.2.6] AndroidManifest.xml:26:9-30:19
150            android:name="com.google.android.datatransport.runtime.scheduling.jobscheduling.JobInfoSchedulerService"
150-->[com.google.android.datatransport:transport-runtime:2.2.6] AndroidManifest.xml:27:13-117
151            android:exported="false"
151-->[com.google.android.datatransport:transport-runtime:2.2.6] AndroidManifest.xml:28:13-37
152            android:permission="android.permission.BIND_JOB_SERVICE" >
152-->[com.google.android.datatransport:transport-runtime:2.2.6] AndroidManifest.xml:29:13-69
153        </service>
154
155        <receiver
155-->[com.google.android.datatransport:transport-runtime:2.2.6] AndroidManifest.xml:32:9-34:40
156            android:name="com.google.android.datatransport.runtime.scheduling.jobscheduling.AlarmManagerSchedulerBroadcastReceiver"
156-->[com.google.android.datatransport:transport-runtime:2.2.6] AndroidManifest.xml:33:13-132
157            android:exported="false" />
157-->[com.google.android.datatransport:transport-runtime:2.2.6] AndroidManifest.xml:34:13-37
158    </application>
159
160</manifest>